Using pre-set license
Built from '2020.3/staging' branch; Version is '2020.3.23f1 (c5d91304a876) revision 12966163'; Using compiler version '192528614'; Build Type 'Release'
OS: 'Windows 10 Home; OS build 22000.318; Version 2009; 64bit' Language: 'en' Physical Memory: 16169 MB
BatchMode: 1, IsHumanControllingUs: 0, StartBugReporterOnCrash: 0, Is64bit: 1, IsPro: 0

COMMAND LINE ARGUMENTS:
C:\Program Files\Unity\Hub\Editor\2020.3.23f1\Editor\Unity.exe
-adb2
-batchMode
-noUpm
-name
AssetImportWorker0
-projectPath
C:/Users/issi1/OneDrive/Bureaublad/Vertical slice/F2M6BO/Vertical Slice 2D
-logFile
Logs/AssetImportWorker0.log
-srvPort
55146
Successfully changed project path to: C:/Users/issi1/OneDrive/Bureaublad/Vertical slice/F2M6BO/Vertical Slice 2D
C:/Users/issi1/OneDrive/Bureaublad/Vertical slice/F2M6BO/Vertical Slice 2D
Using Asset Import Pipeline V2.
Refreshing native plugins compatible for Editor in 55.98 ms, found 6 plugins.
Preloading 0 native plugins for Editor in 0.00 ms.
Initialize engine version: 2020.3.23f1 (c5d91304a876)
[Subsystems] Discovering subsystems at path C:/Program Files/Unity/Hub/Editor/2020.3.23f1/Editor/Data/Resources/UnitySubsystems
[Subsystems] Discovering subsystems at path C:/Users/issi1/OneDrive/Bureaublad/Vertical slice/F2M6BO/Vertical Slice 2D/Assets
GfxDevice: creating device client; threaded=0
Direct3D:
    Version:  Direct3D 11.0 [level 11.1]
    Renderer: NVIDIA GeForce RTX 2060 (ID=0x1f15)
    Vendor:   
    VRAM:     5980 MB
    Driver:   27.21.14.5763
Initialize mono
Mono path[0] = 'C:/Program Files/Unity/Hub/Editor/2020.3.23f1/Editor/Data/Managed'
Mono path[1] = 'C:/Program Files/Unity/Hub/Editor/2020.3.23f1/Editor/Data/MonoBleedingEdge/lib/mono/unityjit'
Mono config path = 'C:/Program Files/Unity/Hub/Editor/2020.3.23f1/Editor/Data/MonoBleedingEdge/etc'
Using monoOptions --debugger-agent=transport=dt_socket,embedding=1,server=y,suspend=n,address=127.0.0.1:56008
Begin MonoManager ReloadAssembly
Registering precompiled unity dll's ...
Register platform support module: C:/Program Files/Unity/Hub/Editor/2020.3.23f1/Editor/Data/PlaybackEngines/WindowsStandaloneSupport/UnityEditor.WindowsStandalone.Extensions.dll
Registered in 0.001417 seconds.
Native extension for WindowsStandalone target not found
Refreshing native plugins compatible for Editor in 75.90 ms, found 6 plugins.
Preloading 0 native plugins for Editor in 0.00 ms.
Mono: successfully reloaded assembly
- Completed reload, in  0.641 seconds
Domain Reload Profiling:
	ReloadAssembly (641ms)
		BeginReloadAssembly (59ms)
			ExecutionOrderSort (0ms)
			DisableScriptedObjects (0ms)
			BackupInstance (0ms)
			ReleaseScriptingObjects (0ms)
			CreateAndSetChildDomain (1ms)
		EndReloadAssembly (506ms)
			LoadAssemblies (56ms)
			RebuildTransferFunctionScriptingTraits (0ms)
			SetupTypeCache (170ms)
			ReleaseScriptCaches (0ms)
			RebuildScriptCaches (34ms)
			SetupLoadedEditorAssemblies (210ms)
				LogAssemblyErrors (0ms)
				InitializePlatformSupportModulesInManaged (5ms)
				SetLoadedEditorAssemblies (0ms)
				RefreshPlugins (76ms)
				BeforeProcessingInitializeOnLoad (11ms)
				ProcessInitializeOnLoadAttributes (88ms)
				ProcessInitializeOnLoadMethodAttributes (29ms)
				AfterProcessingInitializeOnLoad (0ms)
				EditorAssembliesLoaded (0ms)
			ExecutionOrderSort2 (0ms)
			AwakeInstancesAfterBackupRestoration (0ms)
Platform modules already initialized, skipping
Registering precompiled user dll's ...
Registered in 0.004393 seconds.
Begin MonoManager ReloadAssembly
Native extension for WindowsStandalone target not found
Refreshing native plugins compatible for Editor in 48.54 ms, found 6 plugins.
Preloading 0 native plugins for Editor in 0.00 ms.
Mono: successfully reloaded assembly
- Completed reload, in  1.141 seconds
Domain Reload Profiling:
	ReloadAssembly (1142ms)
		BeginReloadAssembly (155ms)
			ExecutionOrderSort (0ms)
			DisableScriptedObjects (5ms)
			BackupInstance (0ms)
			ReleaseScriptingObjects (0ms)
			CreateAndSetChildDomain (19ms)
		EndReloadAssembly (927ms)
			LoadAssemblies (93ms)
			RebuildTransferFunctionScriptingTraits (0ms)
			SetupTypeCache (310ms)
			ReleaseScriptCaches (1ms)
			RebuildScriptCaches (57ms)
			SetupLoadedEditorAssemblies (345ms)
				LogAssemblyErrors (0ms)
				InitializePlatformSupportModulesInManaged (3ms)
				SetLoadedEditorAssemblies (0ms)
				RefreshPlugins (49ms)
				BeforeProcessingInitializeOnLoad (67ms)
				ProcessInitializeOnLoadAttributes (208ms)
				ProcessInitializeOnLoadMethodAttributes (14ms)
				AfterProcessingInitializeOnLoad (5ms)
				EditorAssembliesLoaded (0ms)
			ExecutionOrderSort2 (0ms)
			AwakeInstancesAfterBackupRestoration (7ms)
Platform modules already initialized, skipping
========================================================================
Worker process is ready to serve import requests
Launched and connected shader compiler UnityShaderCompiler.exe after 0.07 seconds
Refreshing native plugins compatible for Editor in 0.53 ms, found 6 plugins.
Preloading 0 native plugins for Editor in 0.00 ms.
Unloading 2290 Unused Serialized files (Serialized files now loaded: 0)
System memory in use before: 99.9 MB.
System memory in use after: 100.1 MB.

Unloading 31 unused Assets to reduce memory usage. Loaded Objects now: 2715.
Total: 3.274500 ms (FindLiveObjects: 0.243700 ms CreateObjectMapping: 0.141400 ms MarkObjects: 2.821300 ms  DeleteObjects: 0.066700 ms)

AssetImportParameters requested are different than current active one (requested -> active):
  custom:framework-win-MediaFoundation: 216162199b28c13a410421893ffa2e32 -> 
  custom:video-decoder-ogg-theora: a1e56fd34408186e4bbccfd4996cb3dc -> 
  custom:container-muxer-webm: aa71ff27fc2769a1b78a27578f13a17b -> 
  custom:container-demuxer-webm: 4f35f7cbe854078d1ac9338744f61a02 -> 
  custom:container-demuxer-ogg: 62fdf1f143b41e24485cea50d1cbac27 -> 
  custom:video-encoder-webm-vp8: eb34c28f22e8b96e1ab97ce403110664 -> 
  custom:video-codec-MediaFoundation-h265: 746d11721c4dcdbdad8f713fa42b33f4 -> 
  custom:video-decoder-webm-vp8: 9c59270c3fd7afecdb556c50c9e8de78 -> 
  custom:audio-decoder-ogg-vorbis: bf7c407c2cedff20999df2af8eb42d56 -> 
  custom:audio-encoder-webm-vorbis: bf7c407c2cedff20999df2af8eb42d56 -> 
========================================================================
Received Import Request.
  path: Assets/character sprites/animated/Wilson Grab animation front.prefab
  artifactKey: Guid(a5b5f1e236a1cbd43af4983428f8c3cd) Importer(815301076,1909f56bfc062723c751e8b465ee728b)
Start importing Assets/character sprites/animated/Wilson Grab animation front.prefab using Guid(a5b5f1e236a1cbd43af4983428f8c3cd) Importer(815301076,1909f56bfc062723c751e8b465ee728b)  -> (artifact id: '2e2046a086e784cbc95d52556bfd0f43') in 0.120975 seconds 
  Import took 0.125269 seconds .

========================================================================
Received Import Request.
  Time since last request: 0.000217 seconds.
  path: Assets/character sprites/animated/maxwelll compleet animeerbaar Variant.prefab
  artifactKey: Guid(68029c7c486a7d54b9a0d0e95cb96460) Importer(815301076,1909f56bfc062723c751e8b465ee728b)
Start importing Assets/character sprites/animated/maxwelll compleet animeerbaar Variant.prefab using Guid(68029c7c486a7d54b9a0d0e95cb96460) Importer(815301076,1909f56bfc062723c751e8b465ee728b)  -> (artifact id: 'dec91f7db9fa543af23178b21a13655c') in 0.036028 seconds 
  Import took 0.040597 seconds .

========================================================================
Received Import Request.
  Time since last request: 0.000296 seconds.
  path: Assets/character sprites/Dikke Flikke Slikke plopkaas ( wilson grab sprite).psb
  artifactKey: Guid(45b8fa23c32225e448042126a0a95e42) Importer(815301076,1909f56bfc062723c751e8b465ee728b)
Start importing Assets/character sprites/Dikke Flikke Slikke plopkaas ( wilson grab sprite).psb using Guid(45b8fa23c32225e448042126a0a95e42) Importer(815301076,1909f56bfc062723c751e8b465ee728b)  -> (artifact id: '2c8cd80f309bc7982ef03d16fa05d36b') in 0.193863 seconds 
  Import took 0.197947 seconds .

========================================================================
Received Import Request.
  Time since last request: 0.000201 seconds.
  path: Assets/character sprites/wilson front front.psb
  artifactKey: Guid(a7b2d23c56a7f324bb8622ed6c6755b9) Importer(815301076,1909f56bfc062723c751e8b465ee728b)
Start importing Assets/character sprites/wilson front front.psb using Guid(a7b2d23c56a7f324bb8622ed6c6755b9) Importer(815301076,1909f56bfc062723c751e8b465ee728b)  -> (artifact id: '70addffc22d2f96597327762cceb2b29') in 0.165143 seconds 
  Import took 0.169211 seconds .

========================================================================
Received Import Request.
  Time since last request: 0.000282 seconds.
  path: Assets/character sprites/animated/greb effect animation0001.prefab
  artifactKey: Guid(0edb7f872cb176c4baed1ac471a519a8) Importer(815301076,1909f56bfc062723c751e8b465ee728b)
Start importing Assets/character sprites/animated/greb effect animation0001.prefab using Guid(0edb7f872cb176c4baed1ac471a519a8) Importer(815301076,1909f56bfc062723c751e8b465ee728b)  -> (artifact id: '90cfb34182bb2feb2a634832e875957d') in 0.021421 seconds 
  Import took 0.025351 seconds .

========================================================================
Received Import Request.
  Time since last request: 0.000323 seconds.
  path: Assets/character sprites/animated/wilson front front Variant.prefab
  artifactKey: Guid(6e5ca6bc9f543ea47b47db029b5e9b49) Importer(815301076,1909f56bfc062723c751e8b465ee728b)
Start importing Assets/character sprites/animated/wilson front front Variant.prefab using Guid(6e5ca6bc9f543ea47b47db029b5e9b49) Importer(815301076,1909f56bfc062723c751e8b465ee728b)  -> (artifact id: 'ed445d45a6dbb41308082197d6aeab69') in 0.032572 seconds 
  Import took 0.037604 seconds .

========================================================================
Received Import Request.
  Time since last request: 0.000220 seconds.
  path: Assets/character sprites/animated/smoke uitwerking0001.prefab
  artifactKey: Guid(8c02c83d60355034fa450f0b7c4f6723) Importer(815301076,1909f56bfc062723c751e8b465ee728b)
Start importing Assets/character sprites/animated/smoke uitwerking0001.prefab using Guid(8c02c83d60355034fa450f0b7c4f6723) Importer(815301076,1909f56bfc062723c751e8b465ee728b)  -> (artifact id: '8a55b185ba60e5cf5c38a09ccfe56a38') in 0.015719 seconds 
  Import took 0.019710 seconds .

========================================================================
Received Prepare
Refreshing native plugins compatible for Editor in 6.29 ms, found 6 plugins.
Preloading 0 native plugins for Editor in 0.00 ms.
Unloading 22 Unused Serialized files (Serialized files now loaded: 0)
System memory in use before: 59.5 MB.
System memory in use after: 59.7 MB.

Unloading 22 unused Assets to reduce memory usage. Loaded Objects now: 2750.
Total: 3.570000 ms (FindLiveObjects: 0.240400 ms CreateObjectMapping: 0.112400 ms MarkObjects: 3.200800 ms  DeleteObjects: 0.015600 ms)

AssetImportParameters requested are different than current active one (requested -> active):
  custom:framework-win-MediaFoundation: 216162199b28c13a410421893ffa2e32 -> 
  custom:video-decoder-ogg-theora: a1e56fd34408186e4bbccfd4996cb3dc -> 
  custom:container-muxer-webm: aa71ff27fc2769a1b78a27578f13a17b -> 
  custom:container-demuxer-webm: 4f35f7cbe854078d1ac9338744f61a02 -> 
  custom:container-demuxer-ogg: 62fdf1f143b41e24485cea50d1cbac27 -> 
  custom:video-encoder-webm-vp8: eb34c28f22e8b96e1ab97ce403110664 -> 
  custom:video-codec-MediaFoundation-h265: 746d11721c4dcdbdad8f713fa42b33f4 -> 
  custom:video-decoder-webm-vp8: 9c59270c3fd7afecdb556c50c9e8de78 -> 
  custom:audio-decoder-ogg-vorbis: bf7c407c2cedff20999df2af8eb42d56 -> 
  custom:audio-encoder-webm-vorbis: bf7c407c2cedff20999df2af8eb42d56 -> 
AssetImportWorkerClient::OnTransportError - code=2 error=End of file
