Using pre-set license
Built from '2020.3/staging' branch; Version is '2020.3.22f1 (e1a7f79fd887) revision 14788599'; Using compiler version '192528614'; Build Type 'Release'
OS: 'Windows 10 Home; OS build 22000.318; Version 2009; 64bit' Language: 'en' Physical Memory: 16169 MB
BatchMode: 1, IsHumanControllingUs: 0, StartBugReporterOnCrash: 0, Is64bit: 1, IsPro: 0

COMMAND LINE ARGUMENTS:
C:\Program Files\Unity\Hub\Editor\2020.3.22f1\Editor\Unity.exe
-adb2
-batchMode
-noUpm
-name
AssetImportWorker0
-projectPath
C:/Users/issi1/OneDrive/Bureaublad/Vertical slice/F2M6BO/vertical slice animation's wilson/vertical slice animation's wilson (sideview)
-logFile
Logs/AssetImportWorker0.log
-srvPort
56835
Successfully changed project path to: C:/Users/issi1/OneDrive/Bureaublad/Vertical slice/F2M6BO/vertical slice animation's wilson/vertical slice animation's wilson (sideview)
C:/Users/issi1/OneDrive/Bureaublad/Vertical slice/F2M6BO/vertical slice animation's wilson/vertical slice animation's wilson (sideview)
Using Asset Import Pipeline V2.
Refreshing native plugins compatible for Editor in 53.94 ms, found 6 plugins.
Preloading 0 native plugins for Editor in 0.00 ms.
Initialize engine version: 2020.3.22f1 (e1a7f79fd887)
[Subsystems] Discovering subsystems at path C:/Program Files/Unity/Hub/Editor/2020.3.22f1/Editor/Data/Resources/UnitySubsystems
[Subsystems] Discovering subsystems at path C:/Users/issi1/OneDrive/Bureaublad/Vertical slice/F2M6BO/vertical slice animation's wilson/vertical slice animation's wilson (sideview)/Assets
GfxDevice: creating device client; threaded=0
Direct3D:
    Version:  Direct3D 11.0 [level 11.1]
    Renderer: NVIDIA GeForce RTX 2060 (ID=0x1f15)
    Vendor:   
    VRAM:     5980 MB
    Driver:   27.21.14.5763
Initialize mono
Mono path[0] = 'C:/Program Files/Unity/Hub/Editor/2020.3.22f1/Editor/Data/Managed'
Mono path[1] = 'C:/Program Files/Unity/Hub/Editor/2020.3.22f1/Editor/Data/MonoBleedingEdge/lib/mono/unityjit'
Mono config path = 'C:/Program Files/Unity/Hub/Editor/2020.3.22f1/Editor/Data/MonoBleedingEdge/etc'
Using monoOptions --debugger-agent=transport=dt_socket,embedding=1,server=y,suspend=n,address=127.0.0.1:56488
Begin MonoManager ReloadAssembly
Registering precompiled unity dll's ...
Register platform support module: C:/Program Files/Unity/Hub/Editor/2020.3.22f1/Editor/Data/PlaybackEngines/WindowsStandaloneSupport/UnityEditor.WindowsStandalone.Extensions.dll
Registered in 0.001307 seconds.
Native extension for WindowsStandalone target not found
Refreshing native plugins compatible for Editor in 47.95 ms, found 6 plugins.
Preloading 0 native plugins for Editor in 0.00 ms.
Mono: successfully reloaded assembly
- Completed reload, in  0.957 seconds
Domain Reload Profiling:
	ReloadAssembly (957ms)
		BeginReloadAssembly (59ms)
			ExecutionOrderSort (0ms)
			DisableScriptedObjects (0ms)
			BackupInstance (0ms)
			ReleaseScriptingObjects (0ms)
			CreateAndSetChildDomain (1ms)
		EndReloadAssembly (436ms)
			LoadAssemblies (57ms)
			RebuildTransferFunctionScriptingTraits (0ms)
			SetupTypeCache (147ms)
			ReleaseScriptCaches (0ms)
			RebuildScriptCaches (32ms)
			SetupLoadedEditorAssemblies (170ms)
				LogAssemblyErrors (0ms)
				InitializePlatformSupportModulesInManaged (4ms)
				SetLoadedEditorAssemblies (0ms)
				RefreshPlugins (48ms)
				BeforeProcessingInitializeOnLoad (8ms)
				ProcessInitializeOnLoadAttributes (81ms)
				ProcessInitializeOnLoadMethodAttributes (28ms)
				AfterProcessingInitializeOnLoad (0ms)
				EditorAssembliesLoaded (0ms)
			ExecutionOrderSort2 (0ms)
			AwakeInstancesAfterBackupRestoration (0ms)
Platform modules already initialized, skipping
Registering precompiled user dll's ...
Registered in 0.004417 seconds.
Begin MonoManager ReloadAssembly
Native extension for WindowsStandalone target not found
Refreshing native plugins compatible for Editor in 46.67 ms, found 6 plugins.
Preloading 0 native plugins for Editor in 0.00 ms.
Mono: successfully reloaded assembly
- Completed reload, in  1.133 seconds
Domain Reload Profiling:
	ReloadAssembly (1134ms)
		BeginReloadAssembly (147ms)
			ExecutionOrderSort (0ms)
			DisableScriptedObjects (4ms)
			BackupInstance (0ms)
			ReleaseScriptingObjects (0ms)
			CreateAndSetChildDomain (17ms)
		EndReloadAssembly (926ms)
			LoadAssemblies (89ms)
			RebuildTransferFunctionScriptingTraits (0ms)
			SetupTypeCache (302ms)
			ReleaseScriptCaches (0ms)
			RebuildScriptCaches (53ms)
			SetupLoadedEditorAssemblies (355ms)
				LogAssemblyErrors (0ms)
				InitializePlatformSupportModulesInManaged (4ms)
				SetLoadedEditorAssemblies (0ms)
				RefreshPlugins (47ms)
				BeforeProcessingInitializeOnLoad (72ms)
				ProcessInitializeOnLoadAttributes (212ms)
				ProcessInitializeOnLoadMethodAttributes (16ms)
				AfterProcessingInitializeOnLoad (4ms)
				EditorAssembliesLoaded (0ms)
			ExecutionOrderSort2 (0ms)
			AwakeInstancesAfterBackupRestoration (7ms)
Platform modules already initialized, skipping
========================================================================
Worker process is ready to serve import requests
Launched and connected shader compiler UnityShaderCompiler.exe after 0.06 seconds
Refreshing native plugins compatible for Editor in 0.54 ms, found 6 plugins.
Preloading 0 native plugins for Editor in 0.00 ms.
Unloading 2325 Unused Serialized files (Serialized files now loaded: 0)
System memory in use before: 101.2 MB.
System memory in use after: 101.4 MB.

Unloading 35 unused Assets to reduce memory usage. Loaded Objects now: 2751.
Total: 3.447700 ms (FindLiveObjects: 0.220600 ms CreateObjectMapping: 0.114900 ms MarkObjects: 3.046000 ms  DeleteObjects: 0.064900 ms)

AssetImportParameters requested are different than current active one (requested -> active):
  custom:framework-win-MediaFoundation: 216162199b28c13a410421893ffa2e32 -> 
  custom:video-decoder-ogg-theora: a1e56fd34408186e4bbccfd4996cb3dc -> 
  custom:container-muxer-webm: aa71ff27fc2769a1b78a27578f13a17b -> 
  custom:container-demuxer-webm: 4f35f7cbe854078d1ac9338744f61a02 -> 
  custom:container-demuxer-ogg: 62fdf1f143b41e24485cea50d1cbac27 -> 
  custom:video-encoder-webm-vp8: eb34c28f22e8b96e1ab97ce403110664 -> 
  custom:video-codec-MediaFoundation-h265: 746d11721c4dcdbdad8f713fa42b33f4 -> 
  custom:video-decoder-webm-vp8: 9c59270c3fd7afecdb556c50c9e8de78 -> 
  custom:audio-decoder-ogg-vorbis: bf7c407c2cedff20999df2af8eb42d56 -> 
  custom:audio-encoder-webm-vorbis: bf7c407c2cedff20999df2af8eb42d56 -> 
========================================================================
Received Import Request.
  path: Assets/sideview-wilson
  artifactKey: Guid(a6e79d810ef8c774bad517803fde82c1) Importer(815301076,1909f56bfc062723c751e8b465ee728b)
Start importing Assets/sideview-wilson using Guid(a6e79d810ef8c774bad517803fde82c1) Importer(815301076,1909f56bfc062723c751e8b465ee728b)  -> (artifact id: 'dcb9fc3670be25007871fd72d8db0e97') in 0.012582 seconds 
  Import took 0.016043 seconds .

========================================================================
Received Import Request.
  Time since last request: 22.119497 seconds.
  path: Assets/sideview-wilson/wilson front and back pick up animation
  artifactKey: Guid(fd1d35766d231c646bd2791fc4a802b9) Importer(815301076,1909f56bfc062723c751e8b465ee728b)
Start importing Assets/sideview-wilson/wilson front and back pick up animation using Guid(fd1d35766d231c646bd2791fc4a802b9) Importer(815301076,1909f56bfc062723c751e8b465ee728b)  -> (artifact id: '2e65af15d5aab41014e6fbc0444d8c21') in 0.030102 seconds 
  Import took 0.041501 seconds .

========================================================================
Received Import Request.
  Time since last request: 3.619662 seconds.
  path: Assets/sideview-wilson/wilson front and back pick up animation/wilson animation export.unitypackage
  artifactKey: Guid(bdc7fb46ad7d2bd4b88cfe4d7c7afc86) Importer(815301076,1909f56bfc062723c751e8b465ee728b)
Start importing Assets/sideview-wilson/wilson front and back pick up animation/wilson animation export.unitypackage using Guid(bdc7fb46ad7d2bd4b88cfe4d7c7afc86) Importer(815301076,1909f56bfc062723c751e8b465ee728b)  -> (artifact id: '1b63b047da70a7c624fb443442232558') in 0.046176 seconds 
  Import took 0.050544 seconds .

========================================================================
Received Import Request.
  Time since last request: 192.767547 seconds.
  path: Assets/character sprites
  artifactKey: Guid(c4fd9959dc17c254cab3ec0274940550) Importer(815301076,1909f56bfc062723c751e8b465ee728b)
Start importing Assets/character sprites using Guid(c4fd9959dc17c254cab3ec0274940550) Importer(815301076,1909f56bfc062723c751e8b465ee728b)  -> (artifact id: 'fd962bff1e9fab8f7f3d2a797888ce98') in 0.029217 seconds 
  Import took 0.044435 seconds .

========================================================================
Received Import Request.
  Time since last request: 0.032128 seconds.
  path: Assets/character sprites/Wilson Back back.psb
  artifactKey: Guid(83e6caaddb3a9984d9ac557e3ce4aec9) Importer(815301076,1909f56bfc062723c751e8b465ee728b)
Start importing Assets/character sprites/Wilson Back back.psb using Guid(83e6caaddb3a9984d9ac557e3ce4aec9) Importer(815301076,1909f56bfc062723c751e8b465ee728b)  -> (artifact id: 'f41c3c1f9910e611f72f117df980bd8f') in 0.297546 seconds 
  Import took 0.305594 seconds .

========================================================================
Received Import Request.
  Time since last request: 0.000226 seconds.
  path: Assets/character sprites/wilson front front.psb
  artifactKey: Guid(a7b2d23c56a7f324bb8622ed6c6755b9) Importer(815301076,1909f56bfc062723c751e8b465ee728b)
Start importing Assets/character sprites/wilson front front.psb using Guid(a7b2d23c56a7f324bb8622ed6c6755b9) Importer(815301076,1909f56bfc062723c751e8b465ee728b)  -> (artifact id: '1b953c884ecf309fea96fce4cc49aeda') in 0.185767 seconds 
  Import took 0.189588 seconds .

========================================================================
Received Import Request.
  Time since last request: 0.000201 seconds.
  path: Assets/character sprites/Wilson opstaan.psb
  artifactKey: Guid(535c12b748f0fd74e966f043729ca73a) Importer(815301076,1909f56bfc062723c751e8b465ee728b)
Start importing Assets/character sprites/Wilson opstaan.psb using Guid(535c12b748f0fd74e966f043729ca73a) Importer(815301076,1909f56bfc062723c751e8b465ee728b)  -> (artifact id: '78094dd3916f2a4bf1fc136d0d3b47f3') in 0.181556 seconds 
  Import took 0.185428 seconds .

========================================================================
Received Import Request.
  Time since last request: 0.144912 seconds.
  path: Assets/character sprites/animated
  artifactKey: Guid(87d7796ede1c5b84f8589ece2048ab3f) Importer(815301076,1909f56bfc062723c751e8b465ee728b)
Start importing Assets/character sprites/animated using Guid(87d7796ede1c5b84f8589ece2048ab3f) Importer(815301076,1909f56bfc062723c751e8b465ee728b)  -> (artifact id: '6b729fc0291d64ca0d16840a24157a55') in 0.022293 seconds 
  Import took 0.030026 seconds .

========================================================================
Received Import Request.
  Time since last request: 0.035618 seconds.
  path: Assets/character sprites/animated/Wilson Back back Variant.prefab
  artifactKey: Guid(400cb354f4f05b14aae17cdb31f4d67f) Importer(815301076,1909f56bfc062723c751e8b465ee728b)
Start importing Assets/character sprites/animated/Wilson Back back Variant.prefab using Guid(400cb354f4f05b14aae17cdb31f4d67f) Importer(815301076,1909f56bfc062723c751e8b465ee728b)  -> (artifact id: '7a020016dc114508c0513c58a2170533') in 0.043325 seconds 
  Import took 0.048438 seconds .

========================================================================
Received Import Request.
  Time since last request: 0.000232 seconds.
  path: Assets/character sprites/animated/Wilson opstaan Variant.prefab
  artifactKey: Guid(5f5253c8769ea4c4b8234d69ad144fd9) Importer(815301076,1909f56bfc062723c751e8b465ee728b)
Start importing Assets/character sprites/animated/Wilson opstaan Variant.prefab using Guid(5f5253c8769ea4c4b8234d69ad144fd9) Importer(815301076,1909f56bfc062723c751e8b465ee728b)  -> (artifact id: 'be9ff23d95aa6dcd5862bc5a89019195') in 0.023543 seconds 
  Import took 0.028861 seconds .

========================================================================
Received Import Request.
  Time since last request: 0.000345 seconds.
  path: Assets/character sprites/animated/wilson front front Variant.prefab
  artifactKey: Guid(6e5ca6bc9f543ea47b47db029b5e9b49) Importer(815301076,1909f56bfc062723c751e8b465ee728b)
Start importing Assets/character sprites/animated/wilson front front Variant.prefab using Guid(6e5ca6bc9f543ea47b47db029b5e9b49) Importer(815301076,1909f56bfc062723c751e8b465ee728b)  -> (artifact id: 'a23a3e37b591bf23e0ae7ca4ac96b913') in 0.031907 seconds 
  Import took 0.037315 seconds .

========================================================================
Received Import Request.
  Time since last request: 58.405749 seconds.
  path: Assets/character sprites/animated/wilson character sideview04 pick up.prefab
  artifactKey: Guid(b17356e3dceb19b4c91afeb157341ce0) Importer(815301076,1909f56bfc062723c751e8b465ee728b)
Start importing Assets/character sprites/animated/wilson character sideview04 pick up.prefab using Guid(b17356e3dceb19b4c91afeb157341ce0) Importer(815301076,1909f56bfc062723c751e8b465ee728b)  -> (artifact id: '2fdf0f44fbb971ff53344fd0e206f937') in 0.025799 seconds 
  Import took 0.030863 seconds .

========================================================================
Received Import Request.
  Time since last request: 4.846239 seconds.
  path: Assets/character sprites/animated/wilson character sideview04 walk.prefab
  artifactKey: Guid(a6fdeab5912b0a847b74204541e36250) Importer(815301076,1909f56bfc062723c751e8b465ee728b)
Start importing Assets/character sprites/animated/wilson character sideview04 walk.prefab using Guid(a6fdeab5912b0a847b74204541e36250) Importer(815301076,1909f56bfc062723c751e8b465ee728b)  -> (artifact id: 'f0c79d4fec860fdfbf0bce91eb23ff44') in 0.027078 seconds 
  Import took 0.032082 seconds .

========================================================================
Received Import Request.
  Time since last request: 3.021705 seconds.
  path: Assets/character sprites/animated/wilson character sideview04 pick up 1.prefab
  artifactKey: Guid(9fd99be0b51b13e4094a19a2aeb67454) Importer(815301076,1909f56bfc062723c751e8b465ee728b)
Start importing Assets/character sprites/animated/wilson character sideview04 pick up 1.prefab using Guid(9fd99be0b51b13e4094a19a2aeb67454) Importer(815301076,1909f56bfc062723c751e8b465ee728b)  -> (artifact id: 'd4de0cee3f505d9a77669d0b2f8da444') in 0.026212 seconds 
  Import took 0.030784 seconds .

========================================================================
Received Import Request.
  Time since last request: 3.177507 seconds.
  path: Assets/character sprites/animated/wilson character sideview04 pick up 2.prefab
  artifactKey: Guid(89c67aad960417b428c67d4310945f6c) Importer(815301076,1909f56bfc062723c751e8b465ee728b)
Start importing Assets/character sprites/animated/wilson character sideview04 pick up 2.prefab using Guid(89c67aad960417b428c67d4310945f6c) Importer(815301076,1909f56bfc062723c751e8b465ee728b)  -> (artifact id: '7564885d1a6e671ea363f63ed59db32c') in 0.027216 seconds 
  Import took 0.032187 seconds .

========================================================================
Received Prepare
Registering precompiled user dll's ...
Registered in 0.004714 seconds.
Begin MonoManager ReloadAssembly
Native extension for WindowsStandalone target not found
Refreshing native plugins compatible for Editor in 0.61 ms, found 6 plugins.
Preloading 0 native plugins for Editor in 0.00 ms.
Mono: successfully reloaded assembly
- Completed reload, in  1.096 seconds
Domain Reload Profiling:
	ReloadAssembly (1097ms)
		BeginReloadAssembly (132ms)
			ExecutionOrderSort (0ms)
			DisableScriptedObjects (6ms)
			BackupInstance (0ms)
			ReleaseScriptingObjects (0ms)
			CreateAndSetChildDomain (39ms)
		EndReloadAssembly (902ms)
			LoadAssemblies (89ms)
			RebuildTransferFunctionScriptingTraits (0ms)
			SetupTypeCache (340ms)
			ReleaseScriptCaches (1ms)
			RebuildScriptCaches (48ms)
			SetupLoadedEditorAssemblies (309ms)
				LogAssemblyErrors (0ms)
				InitializePlatformSupportModulesInManaged (5ms)
				SetLoadedEditorAssemblies (1ms)
				RefreshPlugins (1ms)
				BeforeProcessingInitializeOnLoad (69ms)
				ProcessInitializeOnLoadAttributes (217ms)
				ProcessInitializeOnLoadMethodAttributes (11ms)
				AfterProcessingInitializeOnLoad (5ms)
				EditorAssembliesLoaded (0ms)
			ExecutionOrderSort2 (0ms)
			AwakeInstancesAfterBackupRestoration (9ms)
Platform modules already initialized, skipping
Refreshing native plugins compatible for Editor in 0.63 ms, found 6 plugins.
Preloading 0 native plugins for Editor in 0.00 ms.
Unloading 2308 Unused Serialized files (Serialized files now loaded: 0)
System memory in use before: 103.9 MB.
System memory in use after: 104.2 MB.

Unloading 24 unused Assets to reduce memory usage. Loaded Objects now: 2813.
Total: 3.673400 ms (FindLiveObjects: 0.260500 ms CreateObjectMapping: 0.127900 ms MarkObjects: 3.263300 ms  DeleteObjects: 0.020600 ms)

AssetImportParameters requested are different than current active one (requested -> active):
  custom:framework-win-MediaFoundation: 216162199b28c13a410421893ffa2e32 -> 
  custom:video-decoder-ogg-theora: a1e56fd34408186e4bbccfd4996cb3dc -> 
  custom:container-muxer-webm: aa71ff27fc2769a1b78a27578f13a17b -> 
  custom:container-demuxer-webm: 4f35f7cbe854078d1ac9338744f61a02 -> 
  custom:container-demuxer-ogg: 62fdf1f143b41e24485cea50d1cbac27 -> 
  custom:video-encoder-webm-vp8: eb34c28f22e8b96e1ab97ce403110664 -> 
  custom:video-codec-MediaFoundation-h265: 746d11721c4dcdbdad8f713fa42b33f4 -> 
  custom:video-decoder-webm-vp8: 9c59270c3fd7afecdb556c50c9e8de78 -> 
  custom:audio-decoder-ogg-vorbis: bf7c407c2cedff20999df2af8eb42d56 -> 
  custom:audio-encoder-webm-vorbis: bf7c407c2cedff20999df2af8eb42d56 -> 
========================================================================
Received Import Request.
  Time since last request: 81.547663 seconds.
  path: Assets/character sprites/Wilson Back back 2.controller
  artifactKey: Guid(e5fb464f9add7b241985a87defc0b2c9) Importer(815301076,1909f56bfc062723c751e8b465ee728b)
Start importing Assets/character sprites/Wilson Back back 2.controller using Guid(e5fb464f9add7b241985a87defc0b2c9) Importer(815301076,1909f56bfc062723c751e8b465ee728b)  -> (artifact id: 'd08fa6e4388a47a7d610dda9738297aa') in 0.038854 seconds 
  Import took 0.047565 seconds .

========================================================================
Received Import Request.
  Time since last request: 12.216342 seconds.
  path: Assets/animations/wilson front front 3.controller
  artifactKey: Guid(8fb3275f812d160408b5957691fbad60) Importer(815301076,1909f56bfc062723c751e8b465ee728b)
Start importing Assets/animations/wilson front front 3.controller using Guid(8fb3275f812d160408b5957691fbad60) Importer(815301076,1909f56bfc062723c751e8b465ee728b)  -> (artifact id: '360aca48a9430beee29e4f7fdf21b8ab') in 0.018157 seconds 
  Import took 0.022555 seconds .

========================================================================
Received Prepare
Registering precompiled user dll's ...
Registered in 0.006081 seconds.
Begin MonoManager ReloadAssembly
Native extension for WindowsStandalone target not found
Refreshing native plugins compatible for Editor in 0.55 ms, found 6 plugins.
Preloading 0 native plugins for Editor in 0.00 ms.
Mono: successfully reloaded assembly
- Completed reload, in  1.101 seconds
Domain Reload Profiling:
	ReloadAssembly (1101ms)
		BeginReloadAssembly (126ms)
			ExecutionOrderSort (0ms)
			DisableScriptedObjects (7ms)
			BackupInstance (0ms)
			ReleaseScriptingObjects (0ms)
			CreateAndSetChildDomain (42ms)
		EndReloadAssembly (908ms)
			LoadAssemblies (97ms)
			RebuildTransferFunctionScriptingTraits (0ms)
			SetupTypeCache (352ms)
			ReleaseScriptCaches (1ms)
			RebuildScriptCaches (50ms)
			SetupLoadedEditorAssemblies (303ms)
				LogAssemblyErrors (0ms)
				InitializePlatformSupportModulesInManaged (5ms)
				SetLoadedEditorAssemblies (1ms)
				RefreshPlugins (1ms)
				BeforeProcessingInitializeOnLoad (69ms)
				ProcessInitializeOnLoadAttributes (213ms)
				ProcessInitializeOnLoadMethodAttributes (11ms)
				AfterProcessingInitializeOnLoad (4ms)
				EditorAssembliesLoaded (0ms)
			ExecutionOrderSort2 (0ms)
			AwakeInstancesAfterBackupRestoration (9ms)
Platform modules already initialized, skipping
Refreshing native plugins compatible for Editor in 0.54 ms, found 6 plugins.
Preloading 0 native plugins for Editor in 0.00 ms.
Unloading 2308 Unused Serialized files (Serialized files now loaded: 0)
System memory in use before: 104.0 MB.
System memory in use after: 104.2 MB.

Unloading 24 unused Assets to reduce memory usage. Loaded Objects now: 2815.
Total: 3.369000 ms (FindLiveObjects: 0.231300 ms CreateObjectMapping: 0.114500 ms MarkObjects: 3.003600 ms  DeleteObjects: 0.018300 ms)

AssetImportParameters requested are different than current active one (requested -> active):
  custom:framework-win-MediaFoundation: 216162199b28c13a410421893ffa2e32 -> 
  custom:video-decoder-ogg-theora: a1e56fd34408186e4bbccfd4996cb3dc -> 
  custom:container-muxer-webm: aa71ff27fc2769a1b78a27578f13a17b -> 
  custom:container-demuxer-webm: 4f35f7cbe854078d1ac9338744f61a02 -> 
  custom:container-demuxer-ogg: 62fdf1f143b41e24485cea50d1cbac27 -> 
  custom:video-encoder-webm-vp8: eb34c28f22e8b96e1ab97ce403110664 -> 
  custom:video-codec-MediaFoundation-h265: 746d11721c4dcdbdad8f713fa42b33f4 -> 
  custom:video-decoder-webm-vp8: 9c59270c3fd7afecdb556c50c9e8de78 -> 
  custom:audio-decoder-ogg-vorbis: bf7c407c2cedff20999df2af8eb42d56 -> 
  custom:audio-encoder-webm-vorbis: bf7c407c2cedff20999df2af8eb42d56 -> 
AssetImportWorkerClient::OnTransportError - code=2 error=End of file
