Using pre-set license
Built from '2020.3/staging' branch; Version is '2020.3.22f1 (e1a7f79fd887) revision 14788599'; Using compiler version '192528614'; Build Type 'Release'
OS: 'Windows 10 Home; OS build 22000.318; Version 2009; 64bit' Language: 'en' Physical Memory: 16169 MB
BatchMode: 1, IsHumanControllingUs: 0, StartBugReporterOnCrash: 0, Is64bit: 1, IsPro: 0

COMMAND LINE ARGUMENTS:
C:\Program Files\Unity\Hub\Editor\2020.3.22f1\Editor\Unity.exe
-adb2
-batchMode
-noUpm
-name
AssetImportWorker0
-projectPath
C:/Users/issi1/OneDrive/Bureaublad/Vertical slice/F2M6BO/vertical slice animation's wilson/vertical slice animation's wilson (sideview)
-logFile
Logs/AssetImportWorker0.log
-srvPort
63522
Successfully changed project path to: C:/Users/issi1/OneDrive/Bureaublad/Vertical slice/F2M6BO/vertical slice animation's wilson/vertical slice animation's wilson (sideview)
C:/Users/issi1/OneDrive/Bureaublad/Vertical slice/F2M6BO/vertical slice animation's wilson/vertical slice animation's wilson (sideview)
Using Asset Import Pipeline V2.
Refreshing native plugins compatible for Editor in 54.31 ms, found 6 plugins.
Preloading 0 native plugins for Editor in 0.00 ms.
Initialize engine version: 2020.3.22f1 (e1a7f79fd887)
[Subsystems] Discovering subsystems at path C:/Program Files/Unity/Hub/Editor/2020.3.22f1/Editor/Data/Resources/UnitySubsystems
[Subsystems] Discovering subsystems at path C:/Users/issi1/OneDrive/Bureaublad/Vertical slice/F2M6BO/vertical slice animation's wilson/vertical slice animation's wilson (sideview)/Assets
GfxDevice: creating device client; threaded=0
Direct3D:
    Version:  Direct3D 11.0 [level 11.1]
    Renderer: NVIDIA GeForce RTX 2060 (ID=0x1f15)
    Vendor:   
    VRAM:     5980 MB
    Driver:   27.21.14.5763
Initialize mono
Mono path[0] = 'C:/Program Files/Unity/Hub/Editor/2020.3.22f1/Editor/Data/Managed'
Mono path[1] = 'C:/Program Files/Unity/Hub/Editor/2020.3.22f1/Editor/Data/MonoBleedingEdge/lib/mono/unityjit'
Mono config path = 'C:/Program Files/Unity/Hub/Editor/2020.3.22f1/Editor/Data/MonoBleedingEdge/etc'
Using monoOptions --debugger-agent=transport=dt_socket,embedding=1,server=y,suspend=n,address=127.0.0.1:56688
Begin MonoManager ReloadAssembly
Registering precompiled unity dll's ...
Register platform support module: C:/Program Files/Unity/Hub/Editor/2020.3.22f1/Editor/Data/PlaybackEngines/WindowsStandaloneSupport/UnityEditor.WindowsStandalone.Extensions.dll
Registered in 0.001352 seconds.
Native extension for WindowsStandalone target not found
Refreshing native plugins compatible for Editor in 55.15 ms, found 6 plugins.
Preloading 0 native plugins for Editor in 0.00 ms.
Mono: successfully reloaded assembly
- Completed reload, in  1.116 seconds
Domain Reload Profiling:
	ReloadAssembly (1117ms)
		BeginReloadAssembly (64ms)
			ExecutionOrderSort (0ms)
			DisableScriptedObjects (0ms)
			BackupInstance (0ms)
			ReleaseScriptingObjects (0ms)
			CreateAndSetChildDomain (1ms)
		EndReloadAssembly (497ms)
			LoadAssemblies (62ms)
			RebuildTransferFunctionScriptingTraits (0ms)
			SetupTypeCache (172ms)
			ReleaseScriptCaches (0ms)
			RebuildScriptCaches (36ms)
			SetupLoadedEditorAssemblies (193ms)
				LogAssemblyErrors (0ms)
				InitializePlatformSupportModulesInManaged (5ms)
				SetLoadedEditorAssemblies (0ms)
				RefreshPlugins (55ms)
				BeforeProcessingInitializeOnLoad (9ms)
				ProcessInitializeOnLoadAttributes (92ms)
				ProcessInitializeOnLoadMethodAttributes (32ms)
				AfterProcessingInitializeOnLoad (0ms)
				EditorAssembliesLoaded (0ms)
			ExecutionOrderSort2 (0ms)
			AwakeInstancesAfterBackupRestoration (0ms)
Platform modules already initialized, skipping
Registering precompiled user dll's ...
Registered in 0.004903 seconds.
Begin MonoManager ReloadAssembly
Native extension for WindowsStandalone target not found
Refreshing native plugins compatible for Editor in 47.66 ms, found 6 plugins.
Preloading 0 native plugins for Editor in 0.00 ms.
Mono: successfully reloaded assembly
- Completed reload, in  1.196 seconds
Domain Reload Profiling:
	ReloadAssembly (1197ms)
		BeginReloadAssembly (165ms)
			ExecutionOrderSort (0ms)
			DisableScriptedObjects (5ms)
			BackupInstance (0ms)
			ReleaseScriptingObjects (0ms)
			CreateAndSetChildDomain (20ms)
		EndReloadAssembly (965ms)
			LoadAssemblies (98ms)
			RebuildTransferFunctionScriptingTraits (0ms)
			SetupTypeCache (325ms)
			ReleaseScriptCaches (0ms)
			RebuildScriptCaches (56ms)
			SetupLoadedEditorAssemblies (364ms)
				LogAssemblyErrors (0ms)
				InitializePlatformSupportModulesInManaged (4ms)
				SetLoadedEditorAssemblies (0ms)
				RefreshPlugins (48ms)
				BeforeProcessingInitializeOnLoad (72ms)
				ProcessInitializeOnLoadAttributes (217ms)
				ProcessInitializeOnLoadMethodAttributes (18ms)
				AfterProcessingInitializeOnLoad (5ms)
				EditorAssembliesLoaded (0ms)
			ExecutionOrderSort2 (0ms)
			AwakeInstancesAfterBackupRestoration (7ms)
Platform modules already initialized, skipping
========================================================================
Worker process is ready to serve import requests
Launched and connected shader compiler UnityShaderCompiler.exe after 0.07 seconds
Refreshing native plugins compatible for Editor in 0.57 ms, found 6 plugins.
Preloading 0 native plugins for Editor in 0.00 ms.
Unloading 2325 Unused Serialized files (Serialized files now loaded: 0)
System memory in use before: 101.2 MB.
System memory in use after: 101.3 MB.

Unloading 35 unused Assets to reduce memory usage. Loaded Objects now: 2751.
Total: 3.845700 ms (FindLiveObjects: 0.243300 ms CreateObjectMapping: 0.108600 ms MarkObjects: 3.423700 ms  DeleteObjects: 0.069200 ms)

AssetImportParameters requested are different than current active one (requested -> active):
  custom:framework-win-MediaFoundation: 216162199b28c13a410421893ffa2e32 -> 
  custom:video-decoder-ogg-theora: a1e56fd34408186e4bbccfd4996cb3dc -> 
  custom:container-muxer-webm: aa71ff27fc2769a1b78a27578f13a17b -> 
  custom:container-demuxer-webm: 4f35f7cbe854078d1ac9338744f61a02 -> 
  custom:container-demuxer-ogg: 62fdf1f143b41e24485cea50d1cbac27 -> 
  custom:video-encoder-webm-vp8: eb34c28f22e8b96e1ab97ce403110664 -> 
  custom:video-codec-MediaFoundation-h265: 746d11721c4dcdbdad8f713fa42b33f4 -> 
  custom:video-decoder-webm-vp8: 9c59270c3fd7afecdb556c50c9e8de78 -> 
  custom:audio-decoder-ogg-vorbis: bf7c407c2cedff20999df2af8eb42d56 -> 
  custom:audio-encoder-webm-vorbis: bf7c407c2cedff20999df2af8eb42d56 -> 
========================================================================
Received Import Request.
  path: Assets/sideview-wilson/wilson character sideview.psb
  artifactKey: Guid(287c594e721cd0441aa32c0a55c2529b) Importer(815301076,1909f56bfc062723c751e8b465ee728b)
Start importing Assets/sideview-wilson/wilson character sideview.psb using Guid(287c594e721cd0441aa32c0a55c2529b) Importer(815301076,1909f56bfc062723c751e8b465ee728b)  -> (artifact id: 'e482fe49053dfc2ce328052309e2c01d') in 0.278122 seconds 
  Import took 0.282347 seconds .

========================================================================
Received Import Request.
  Time since last request: 0.000181 seconds.
  path: Assets/sideview-wilson/wilson character sideview03.psb
  artifactKey: Guid(4da4dd9e089785d48ade3e38d5135a55) Importer(815301076,1909f56bfc062723c751e8b465ee728b)
Start importing Assets/sideview-wilson/wilson character sideview03.psb using Guid(4da4dd9e089785d48ade3e38d5135a55) Importer(815301076,1909f56bfc062723c751e8b465ee728b)  -> (artifact id: '350d3d9cec0c344b9fe04ac235cef596') in 0.137401 seconds 
  Import took 0.141432 seconds .

========================================================================
Received Import Request.
  Time since last request: 0.000225 seconds.
  path: Assets/sideview-wilson/wilson character sideview04.psb
  artifactKey: Guid(14b9cbe5ce68fc245a4d313253b4b9e4) Importer(815301076,1909f56bfc062723c751e8b465ee728b)
Start importing Assets/sideview-wilson/wilson character sideview04.psb using Guid(14b9cbe5ce68fc245a4d313253b4b9e4) Importer(815301076,1909f56bfc062723c751e8b465ee728b)  -> (artifact id: '55845300c2b13d4b3926e49f6bc2b357') in 0.155208 seconds 
  Import took 0.159099 seconds .

========================================================================
Received Import Request.
  Time since last request: 0.000237 seconds.
  path: Assets/sideview-wilson/wilson character sideview02.psb
  artifactKey: Guid(f9235f98d28e30f42ba18b0eca611392) Importer(815301076,1909f56bfc062723c751e8b465ee728b)
Start importing Assets/sideview-wilson/wilson character sideview02.psb using Guid(f9235f98d28e30f42ba18b0eca611392) Importer(815301076,1909f56bfc062723c751e8b465ee728b)  -> (artifact id: '416e35486bd1d515f5b74f32cfeb7e68') in 0.133380 seconds 
  Import took 0.137243 seconds .

AssetImportWorkerClient::OnTransportError - code=2 error=End of file
